<?xml version="1.0" encoding="UTF-8"?>
<testsuite xmlns:xsi="http://www.w3.org/2001/XMLSchema-instance" xsi:noNamespaceSchemaLocation="https://maven.apache.org/surefire/maven-surefire-plugin/xsd/surefire-test-report.xsd" name="bnymellon.training.spring.framework.Lab01Test" time="0.457" tests="3" errors="0" skipped="0" failures="0">
  <properties>
    <property name="java.specification.version" value="17"/>
    <property name="sun.jnu.encoding" value="UTF-8"/>
    <property name="java.class.path" value="/Users/nabeelkhan/Desktop/Barclay Git/spring-kata/spring-framework/ch01_spring-inversion-of-control/target/test-classes:/Users/nabeelkhan/Desktop/Barclay Git/spring-kata/spring-framework/ch01_spring-inversion-of-control/target/classes:/Users/nabeelkhan/.m2/repository/org/springframework/spring-core/5.3.3/spring-core-5.3.3.jar:/Users/nabeelkhan/.m2/repository/org/springframework/spring-jcl/5.3.3/spring-jcl-5.3.3.jar:/Users/nabeelkhan/.m2/repository/org/springframework/spring-context/5.3.3/spring-context-5.3.3.jar:/Users/nabeelkhan/.m2/repository/org/springframework/spring-aop/5.3.3/spring-aop-5.3.3.jar:/Users/nabeelkhan/.m2/repository/org/springframework/spring-beans/5.3.3/spring-beans-5.3.3.jar:/Users/nabeelkhan/.m2/repository/org/springframework/spring-expression/5.3.3/spring-expression-5.3.3.jar:/Users/nabeelkhan/.m2/repository/org/springframework/spring-test/5.3.3/spring-test-5.3.3.jar:/Users/nabeelkhan/.m2/repository/org/junit/jupiter/junit-jupiter/5.7.0/junit-jupiter-5.7.0.jar:/Users/nabeelkhan/.m2/repository/org/junit/jupiter/junit-jupiter-api/5.7.0/junit-jupiter-api-5.7.0.jar:/Users/nabeelkhan/.m2/repository/org/apiguardian/apiguardian-api/1.1.0/apiguardian-api-1.1.0.jar:/Users/nabeelkhan/.m2/repository/org/opentest4j/opentest4j/1.2.0/opentest4j-1.2.0.jar:/Users/nabeelkhan/.m2/repository/org/junit/platform/junit-platform-commons/1.7.0/junit-platform-commons-1.7.0.jar:/Users/nabeelkhan/.m2/repository/org/junit/jupiter/junit-jupiter-params/5.7.0/junit-jupiter-params-5.7.0.jar:/Users/nabeelkhan/.m2/repository/org/junit/jupiter/junit-jupiter-engine/5.7.0/junit-jupiter-engine-5.7.0.jar:/Users/nabeelkhan/.m2/repository/org/junit/platform/junit-platform-engine/1.7.0/junit-platform-engine-1.7.0.jar:"/>
    <property name="java.vm.vendor" value="Eclipse Adoptium"/>
    <property name="sun.arch.data.model" value="64"/>
    <property name="java.vendor.url" value="https://adoptium.net/"/>
    <property name="os.name" value="Mac OS X"/>
    <property name="java.vm.specification.version" value="17"/>
    <property name="sun.java.launcher" value="SUN_STANDARD"/>
    <property name="user.country" value="US"/>
    <property name="sun.boot.library.path" value="/Applications/SpringToolSuite4.app/Contents/Eclipse/plugins/org.eclipse.justj.openjdk.hotspot.jre.full.macosx.x86_64_17.0.2.v20220201-1208/jre/lib"/>
    <property name="sun.java.command" value="/Users/nabeelkhan/Desktop/Barclay Git/spring-kata/spring-framework/ch01_spring-inversion-of-control/target/surefire/surefirebooter416502716495908539.jar /Users/nabeelkhan/Desktop/Barclay Git/spring-kata/spring-framework/ch01_spring-inversion-of-control/target/surefire 2022-05-25T10-06-46_248-jvmRun1 surefire16804778721664402241tmp surefire_08241149657929705196tmp"/>
    <property name="jdk.debug" value="release"/>
    <property name="surefire.test.class.path" value="/Users/nabeelkhan/Desktop/Barclay Git/spring-kata/spring-framework/ch01_spring-inversion-of-control/target/test-classes:/Users/nabeelkhan/Desktop/Barclay Git/spring-kata/spring-framework/ch01_spring-inversion-of-control/target/classes:/Users/nabeelkhan/.m2/repository/org/springframework/spring-core/5.3.3/spring-core-5.3.3.jar:/Users/nabeelkhan/.m2/repository/org/springframework/spring-jcl/5.3.3/spring-jcl-5.3.3.jar:/Users/nabeelkhan/.m2/repository/org/springframework/spring-context/5.3.3/spring-context-5.3.3.jar:/Users/nabeelkhan/.m2/repository/org/springframework/spring-aop/5.3.3/spring-aop-5.3.3.jar:/Users/nabeelkhan/.m2/repository/org/springframework/spring-beans/5.3.3/spring-beans-5.3.3.jar:/Users/nabeelkhan/.m2/repository/org/springframework/spring-expression/5.3.3/spring-expression-5.3.3.jar:/Users/nabeelkhan/.m2/repository/org/springframework/spring-test/5.3.3/spring-test-5.3.3.jar:/Users/nabeelkhan/.m2/repository/org/junit/jupiter/junit-jupiter/5.7.0/junit-jupiter-5.7.0.jar:/Users/nabeelkhan/.m2/repository/org/junit/jupiter/junit-jupiter-api/5.7.0/junit-jupiter-api-5.7.0.jar:/Users/nabeelkhan/.m2/repository/org/apiguardian/apiguardian-api/1.1.0/apiguardian-api-1.1.0.jar:/Users/nabeelkhan/.m2/repository/org/opentest4j/opentest4j/1.2.0/opentest4j-1.2.0.jar:/Users/nabeelkhan/.m2/repository/org/junit/platform/junit-platform-commons/1.7.0/junit-platform-commons-1.7.0.jar:/Users/nabeelkhan/.m2/repository/org/junit/jupiter/junit-jupiter-params/5.7.0/junit-jupiter-params-5.7.0.jar:/Users/nabeelkhan/.m2/repository/org/junit/jupiter/junit-jupiter-engine/5.7.0/junit-jupiter-engine-5.7.0.jar:/Users/nabeelkhan/.m2/repository/org/junit/platform/junit-platform-engine/1.7.0/junit-platform-engine-1.7.0.jar:"/>
    <property name="sun.cpu.endian" value="little"/>
    <property name="user.home" value="/Users/nabeelkhan"/>
    <property name="user.language" value="en"/>
    <property name="java.specification.vendor" value="Oracle Corporation"/>
    <property name="java.version.date" value="2022-01-18"/>
    <property name="java.home" value="/Applications/SpringToolSuite4.app/Contents/Eclipse/plugins/org.eclipse.justj.openjdk.hotspot.jre.full.macosx.x86_64_17.0.2.v20220201-1208/jre"/>
    <property name="file.separator" value="/"/>
    <property name="style.color" value="always"/>
    <property name="basedir" value="/Users/nabeelkhan/Desktop/Barclay Git/spring-kata/spring-framework/ch01_spring-inversion-of-control"/>
    <property name="java.vm.compressedOopsMode" value="Zero based"/>
    <property name="line.separator" value="&#10;"/>
    <property name="java.vm.specification.vendor" value="Oracle Corporation"/>
    <property name="java.specification.name" value="Java Platform API Specification"/>
    <property name="surefire.real.class.path" value="/Users/nabeelkhan/Desktop/Barclay Git/spring-kata/spring-framework/ch01_spring-inversion-of-control/target/surefire/surefirebooter416502716495908539.jar"/>
    <property name="sun.management.compiler" value="HotSpot 64-Bit Tiered Compilers"/>
    <property name="java.runtime.version" value="17.0.2+8"/>
    <property name="user.name" value="nabeelkhan"/>
    <property name="path.separator" value=":"/>
    <property name="os.version" value="11.3.1"/>
    <property name="java.runtime.name" value="OpenJDK Runtime Environment"/>
    <property name="file.encoding" value="UTF-8"/>
    <property name="java.vm.name" value="OpenJDK 64-Bit Server VM"/>
    <property name="java.vendor.version" value="Temurin-17.0.2+8"/>
    <property name="localRepository" value="/Users/nabeelkhan/.m2/repository"/>
    <property name="java.vendor.url.bug" value="https://github.com/adoptium/adoptium-support/issues"/>
    <property name="java.io.tmpdir" value="/var/folders/wm/b3p5hxtj4xv5_wxlymtgmdy40000gn/T/"/>
    <property name="java.version" value="17.0.2"/>
    <property name="user.dir" value="/Users/nabeelkhan/Desktop/Barclay Git/spring-kata/spring-framework/ch01_spring-inversion-of-control"/>
    <property name="os.arch" value="x86_64"/>
    <property name="java.vm.specification.name" value="Java Virtual Machine Specification"/>
    <property name="native.encoding" value="UTF-8"/>
    <property name="java.library.path" value="/Users/nabeelkhan/Library/Java/Extensions:/Library/Java/Extensions:/Network/Library/Java/Extensions:/System/Library/Java/Extensions:/usr/lib/java:."/>
    <property name="java.vm.info" value="mixed mode"/>
    <property name="java.vendor" value="Eclipse Adoptium"/>
    <property name="java.vm.version" value="17.0.2+8"/>
    <property name="sun.io.unicode.encoding" value="UnicodeBig"/>
    <property name="java.class.version" value="61.0"/>
  </properties>
  <testcase name="instantiateThroughConstructor" classname="bnymellon.training.spring.framework.Lab01Test" time="0.33"/>
  <testcase name="instantiateThroughStaticFactory" classname="bnymellon.training.spring.framework.Lab01Test" time="0.075"/>
  <testcase name="instantiateThroughInstanceFactory" classname="bnymellon.training.spring.framework.Lab01Test" time="0.036"/>
</testsuite>